<?xml version="1.0" encoding="UTF-8"?>
<testsuite xmlns:xsi="http://www.w3.org/2001/XMLSchema-instance" xsi:noNamespaceSchemaLocation="https://maven.apache.org/surefire/maven-surefire-plugin/xsd/surefire-test-report-3.0.xsd" version="3.0" name="json.JsonTest" time="0.009" tests="0" errors="0" skipped="0" failures="0">
  <properties>
    <property name="java.specification.version" value="23"/>
    <property name="sun.cpu.isalist" value="amd64"/>
    <property name="sun.jnu.encoding" value="Cp1252"/>
    <property name="java.class.path" value="C:\Users\jmburu\Documents\GitHub\Reactor-Database\target\test-classes;C:\Users\jmburu\Documents\GitHub\Reactor-Database\target\classes;C:\Users\jmburu\.m2\repository\org\kordamp\ikonli\ikonli-core\12.4.0\ikonli-core-12.4.0.jar;C:\Users\jmburu\.m2\repository\org\kordamp\ikonli\ikonli-javafx\12.4.0\ikonli-javafx-12.4.0.jar;C:\Users\jmburu\.m2\repository\org\kordamp\ikonli\ikonli-fontawesome5-pack\12.3.1\ikonli-fontawesome5-pack-12.3.1.jar;C:\Users\jmburu\.m2\repository\org\openjfx\javafx-base\24\javafx-base-24.jar;C:\Users\jmburu\.m2\repository\org\openjfx\javafx-base\24\javafx-base-24-win.jar;C:\Users\jmburu\.m2\repository\org\openjfx\javafx-controls\24\javafx-controls-24.jar;C:\Users\jmburu\.m2\repository\org\openjfx\javafx-controls\24\javafx-controls-24-win.jar;C:\Users\jmburu\.m2\repository\org\openjfx\javafx-graphics\24\javafx-graphics-24.jar;C:\Users\jmburu\.m2\repository\org\openjfx\javafx-graphics\24\javafx-graphics-24-win.jar;C:\Users\jmburu\.m2\repository\org\openjfx\javafx-fxml\24\javafx-fxml-24-win.jar;C:\Users\jmburu\.m2\repository\org\controlsfx\controlsfx\11.2.2\controlsfx-11.2.2.jar;C:\Users\jmburu\.m2\repository\org\kordamp\ikonli\ikonli-material2-pack\12.4.0\ikonli-material2-pack-12.4.0.jar;C:\Users\jmburu\.m2\repository\com\fasterxml\jackson\core\jackson-core\2.19.0\jackson-core-2.19.0.jar;C:\Users\jmburu\.m2\repository\com\fasterxml\jackson\core\jackson-annotations\2.19.0\jackson-annotations-2.19.0.jar;C:\Users\jmburu\.m2\repository\com\fasterxml\jackson\core\jackson-databind\2.19.0\jackson-databind-2.19.0.jar;"/>
    <property name="java.vm.vendor" value="Oracle Corporation"/>
    <property name="sun.arch.data.model" value="64"/>
    <property name="user.variant" value=""/>
    <property name="java.vendor.url" value="https://java.oracle.com/"/>
    <property name="user.timezone" value="Africa/Nairobi"/>
    <property name="user.country.format" value="KE"/>
    <property name="os.name" value="Windows 10"/>
    <property name="java.vm.specification.version" value="23"/>
    <property name="user.country" value="GB"/>
    <property name="sun.java.launcher" value="SUN_STANDARD"/>
    <property name="sun.boot.library.path" value="C:\Program Files\Java\jdk-23\bin"/>
    <property name="sun.java.command" value="C:\Users\jmburu\AppData\Local\Temp\surefire4217235828492722656\surefirebooter-20250828140301711_3.jar C:\Users\jmburu\AppData\Local\Temp\surefire4217235828492722656 2025-08-28T14-03-01_256-jvmRun1 surefire-20250828140301711_1tmp surefire_0-20250828140301711_2tmp"/>
    <property name="jdk.debug" value="release"/>
    <property name="surefire.test.class.path" value="C:\Users\jmburu\Documents\GitHub\Reactor-Database\target\test-classes;C:\Users\jmburu\Documents\GitHub\Reactor-Database\target\classes;C:\Users\jmburu\.m2\repository\org\kordamp\ikonli\ikonli-core\12.4.0\ikonli-core-12.4.0.jar;C:\Users\jmburu\.m2\repository\org\kordamp\ikonli\ikonli-javafx\12.4.0\ikonli-javafx-12.4.0.jar;C:\Users\jmburu\.m2\repository\org\kordamp\ikonli\ikonli-fontawesome5-pack\12.3.1\ikonli-fontawesome5-pack-12.3.1.jar;C:\Users\jmburu\.m2\repository\org\openjfx\javafx-base\24\javafx-base-24.jar;C:\Users\jmburu\.m2\repository\org\openjfx\javafx-base\24\javafx-base-24-win.jar;C:\Users\jmburu\.m2\repository\org\openjfx\javafx-controls\24\javafx-controls-24.jar;C:\Users\jmburu\.m2\repository\org\openjfx\javafx-controls\24\javafx-controls-24-win.jar;C:\Users\jmburu\.m2\repository\org\openjfx\javafx-graphics\24\javafx-graphics-24.jar;C:\Users\jmburu\.m2\repository\org\openjfx\javafx-graphics\24\javafx-graphics-24-win.jar;C:\Users\jmburu\.m2\repository\org\openjfx\javafx-fxml\24\javafx-fxml-24-win.jar;C:\Users\jmburu\.m2\repository\org\controlsfx\controlsfx\11.2.2\controlsfx-11.2.2.jar;C:\Users\jmburu\.m2\repository\org\kordamp\ikonli\ikonli-material2-pack\12.4.0\ikonli-material2-pack-12.4.0.jar;C:\Users\jmburu\.m2\repository\com\fasterxml\jackson\core\jackson-core\2.19.0\jackson-core-2.19.0.jar;C:\Users\jmburu\.m2\repository\com\fasterxml\jackson\core\jackson-annotations\2.19.0\jackson-annotations-2.19.0.jar;C:\Users\jmburu\.m2\repository\com\fasterxml\jackson\core\jackson-databind\2.19.0\jackson-databind-2.19.0.jar;"/>
    <property name="sun.cpu.endian" value="little"/>
    <property name="user.home" value="C:\Users\jmburu"/>
    <property name="user.language" value="en"/>
    <property name="java.specification.vendor" value="Oracle Corporation"/>
    <property name="java.version.date" value="2024-10-15"/>
    <property name="java.home" value="C:\Program Files\Java\jdk-23"/>
    <property name="file.separator" value="\"/>
    <property name="basedir" value="C:\Users\jmburu\Documents\GitHub\Reactor-Database"/>
    <property name="java.vm.compressedOopsMode" value="Zero based"/>
    <property name="line.separator" value="&#10;"/>
    <property name="java.vm.specification.vendor" value="Oracle Corporation"/>
    <property name="java.specification.name" value="Java Platform API Specification"/>
    <property name="surefire.real.class.path" value="C:\Users\jmburu\AppData\Local\Temp\surefire4217235828492722656\surefirebooter-20250828140301711_3.jar"/>
    <property name="user.script" value=""/>
    <property name="sun.management.compiler" value="HotSpot 64-Bit Tiered Compilers"/>
    <property name="java.runtime.version" value="23.0.1+11-39"/>
    <property name="user.name" value="jmburu"/>
    <property name="stdout.encoding" value="Cp1252"/>
    <property name="path.separator" value=";"/>
    <property name="os.version" value="10.0"/>
    <property name="java.runtime.name" value="Java(TM) SE Runtime Environment"/>
    <property name="file.encoding" value="UTF-8"/>
    <property name="java.vm.name" value="Java HotSpot(TM) 64-Bit Server VM"/>
    <property name="maven.ext.class.path" value="C:\Program Files\NetBeans-23\netbeans\java\maven-nblib\netbeans-eventspy.jar"/>
    <property name="localRepository" value="C:\Users\jmburu\.m2\repository"/>
    <property name="java.vendor.url.bug" value="https://bugreport.java.com/bugreport/"/>
    <property name="java.io.tmpdir" value="C:\Users\jmburu\AppData\Local\Temp\"/>
    <property name="java.version" value="23.0.1"/>
    <property name="user.dir" value="C:\Users\jmburu\Documents\GitHub\Reactor-Database"/>
    <property name="os.arch" value="amd64"/>
    <property name="java.vm.specification.name" value="Java Virtual Machine Specification"/>
    <property name="sun.os.patch.level" value=""/>
    <property name="native.encoding" value="Cp1252"/>
    <property name="java.library.path" value="C:\Program Files\Java\jdk-23\bin;C:\WINDOWS\Sun\Java\bin;C:\WINDOWS\system32;C:\WINDOWS;C:\Program Files\Common Files\Oracle\Java\javapath;C:\Python310\Scripts\;C:\Python310\;C:\Program Files (x86)\Common Files\Oracle\Java\javapath;C:\Program Files\Zulu\zulu-8\bin\;C:\Program Files (x86)\Common Files\Intel\Shared Libraries\redist\ia32\mpirt;C:\Program Files (x86)\Common Files\Intel\Shared Libraries\redist\ia32\compiler;C:\Program Files (x86)\Common Files\Intel\Shared Libraries\redist\intel64\mpirt;C:\Program Files (x86)\Common Files\Intel\Shared Libraries\redist\intel64\compiler;C:\WINDOWS\system32;C:\WINDOWS;C:\WINDOWS\System32\Wbem;C:\WINDOWS\System32\WindowsPowerShell\v1.0\;C:\WINDOWS\System32\OpenSSH\;C:\Program Files (x86)\AOMEI Backupper;C:\Program Files (x86)\CrSSL\bin;C:\Program Files\Microsoft SQL Server\120\Tools\Binn\;C:\ProgramData\chocolatey\bin;C:\Program Files\nodejs\;C:\Program Files (x86)\Intel\Intel(R) Management Engine Components\DAL;C:\Program Files\Intel\Intel(R) Management Engine Components\DAL;C:\Program Files (x86)\Windows Kits\10\Windows Performance Toolkit\;C:\Program Files\dotnet\;C:\Users\jmburu\AppData\Local\Microsoft\WindowsApps;C:\Users\jmburu\AppData\Local\GitHubDesktop\bin;C:\Users\jmburu\AppData\Local\Programs\Microsoft VS Code\bin;C:\Users\jmburu\AppData\Roaming\npm;C:\Users\jmburu\.dotnet\tools;."/>
    <property name="java.vm.info" value="mixed mode, sharing"/>
    <property name="stderr.encoding" value="Cp1252"/>
    <property name="java.vendor" value="Oracle Corporation"/>
    <property name="java.vm.version" value="23.0.1+11-39"/>
    <property name="sun.io.unicode.encoding" value="UnicodeLittle"/>
    <property name="java.class.version" value="67.0"/>
  </properties>
</testsuite>